<?xml version="1.0" encoding="UTF-8"?>
<!-- Generated by org.testng.reporters.JUnitReportReporter -->
<testsuite hostname="DESKTOP-M8TV6GU" name="test1" tests="4" failures="0" timestamp="15 Mar 2020 04:15:27 GMT" time="0.055" errors="0">
  <testcase name="testMethodOne" time="0.034" classname="test1"/>
  <testcase name="testMethodFour" time="0.006" classname="test1"/>
  <testcase name="testMethodThree" time="0.005" classname="test1"/>
  <testcase name="testMethodTwo" time="0.010" classname="test1"/>
</testsuite>
